Using pre-set license
Built from '2020.3/staging' branch; Version is '2020.3.25f1 (9b9180224418) revision 10195328'; Using compiler version '192528614'; Build Type 'Release'
OS: 'Windows 10  (10.0.19042) 64bit Core' Language: 'en' Physical Memory: 16296 MB
BatchMode: 1, IsHumanControllingUs: 0, StartBugReporterOnCrash: 0, Is64bit: 1, IsPro: 0

COMMAND LINE ARGUMENTS:
C:\Program Files\Unity\Hub\Editor\2020.3.25f1\Editor\Unity.exe
-adb2
-batchMode
-noUpm
-name
AssetImportWorker0
-projectPath
C:/Users/bnest/Desktop/Repo/BattlefieldAraem
-logFile
Logs/AssetImportWorker0.log
-srvPort
54205
Successfully changed project path to: C:/Users/bnest/Desktop/Repo/BattlefieldAraem
C:/Users/bnest/Desktop/Repo/BattlefieldAraem
Using Asset Import Pipeline V2.
Refreshing native plugins compatible for Editor in 69.06 ms, found 2 plugins.
Preloading 0 native plugins for Editor in 0.00 ms.
Initialize engine version: 2020.3.25f1 (9b9180224418)
[Subsystems] Discovering subsystems at path C:/Program Files/Unity/Hub/Editor/2020.3.25f1/Editor/Data/Resources/UnitySubsystems
[Subsystems] Discovering subsystems at path C:/Users/bnest/Desktop/Repo/BattlefieldAraem/Assets
GfxDevice: creating device client; threaded=0
Direct3D:
    Version:  Direct3D 11.0 [level 11.0]
    Renderer: AMD Radeon HD 6670 (ID=0x6758)
    Vendor:   
    VRAM:     1008 MB
    Driver:   15.201.1151.1008
Initialize mono
Mono path[0] = 'C:/Program Files/Unity/Hub/Editor/2020.3.25f1/Editor/Data/Managed'
Mono path[1] = 'C:/Program Files/Unity/Hub/Editor/2020.3.25f1/Editor/Data/MonoBleedingEdge/lib/mono/unityjit'
Mono config path = 'C:/Program Files/Unity/Hub/Editor/2020.3.25f1/Editor/Data/MonoBleedingEdge/etc'
Using monoOptions --debugger-agent=transport=dt_socket,embedding=1,server=y,suspend=n,address=127.0.0.1:56220
Begin MonoManager ReloadAssembly
Registering precompiled unity dll's ...
Register platform support module: C:/Program Files/Unity/Hub/Editor/2020.3.25f1/Editor/Data/PlaybackEngines/WebGLSupport/UnityEditor.WebGL.Extensions.dll
Register platform support module: C:/Program Files/Unity/Hub/Editor/2020.3.25f1/Editor/Data/PlaybackEngines/MacStandaloneSupport/UnityEditor.OSXStandalone.Extensions.dll
Register platform support module: C:/Program Files/Unity/Hub/Editor/2020.3.25f1/Editor/Data/PlaybackEngines/WindowsStandaloneSupport/UnityEditor.WindowsStandalone.Extensions.dll
Register platform support module: C:/Program Files/Unity/Hub/Editor/2020.3.25f1/Editor/Data/PlaybackEngines/LinuxStandaloneSupport/UnityEditor.LinuxStandalone.Extensions.dll
Registered in 0.004000 seconds.
Native extension for LinuxStandalone target not found
Native extension for WindowsStandalone target not found
Native extension for OSXStandalone target not found
Native extension for WebGL target not found
Refreshing native plugins compatible for Editor in 69.31 ms, found 2 plugins.
Preloading 0 native plugins for Editor in 0.00 ms.
Mono: successfully reloaded assembly
- Completed reload, in  0.638 seconds
Domain Reload Profiling:
	ReloadAssembly (639ms)
		BeginReloadAssembly (57ms)
			ExecutionOrderSort (0ms)
			DisableScriptedObjects (0ms)
			BackupInstance (0ms)
			ReleaseScriptingObjects (0ms)
			CreateAndSetChildDomain (1ms)
		EndReloadAssembly (501ms)
			LoadAssemblies (55ms)
			RebuildTransferFunctionScriptingTraits (0ms)
			SetupTypeCache (152ms)
			ReleaseScriptCaches (0ms)
			RebuildScriptCaches (28ms)
			SetupLoadedEditorAssemblies (209ms)
				LogAssemblyErrors (0ms)
				InitializePlatformSupportModulesInManaged (7ms)
				SetLoadedEditorAssemblies (0ms)
				RefreshPlugins (69ms)
				BeforeProcessingInitializeOnLoad (21ms)
				ProcessInitializeOnLoadAttributes (83ms)
				ProcessInitializeOnLoadMethodAttributes (28ms)
				AfterProcessingInitializeOnLoad (0ms)
				EditorAssembliesLoaded (0ms)
			ExecutionOrderSort2 (0ms)
			AwakeInstancesAfterBackupRestoration (0ms)
Platform modules already initialized, skipping
Registering precompiled user dll's ...
Registered in 0.007942 seconds.
Begin MonoManager ReloadAssembly
Native extension for LinuxStandalone target not found
Native extension for WindowsStandalone target not found
Native extension for OSXStandalone target not found
Native extension for WebGL target not found
Refreshing native plugins compatible for Editor in 0.75 ms, found 2 plugins.
Preloading 0 native plugins for Editor in 0.00 ms.
Mono: successfully reloaded assembly
- Completed reload, in  1.093 seconds
Domain Reload Profiling:
	ReloadAssembly (1094ms)
		BeginReloadAssembly (157ms)
			ExecutionOrderSort (0ms)
			DisableScriptedObjects (5ms)
			BackupInstance (0ms)
			ReleaseScriptingObjects (0ms)
			CreateAndSetChildDomain (20ms)
		EndReloadAssembly (868ms)
			LoadAssemblies (102ms)
			RebuildTransferFunctionScriptingTraits (0ms)
			SetupTypeCache (303ms)
			ReleaseScriptCaches (1ms)
			RebuildScriptCaches (51ms)
			SetupLoadedEditorAssemblies (321ms)
				LogAssemblyErrors (0ms)
				InitializePlatformSupportModulesInManaged (8ms)
				SetLoadedEditorAssemblies (1ms)
				RefreshPlugins (1ms)
				BeforeProcessingInitializeOnLoad (90ms)
				ProcessInitializeOnLoadAttributes (204ms)
				ProcessInitializeOnLoadMethodAttributes (10ms)
				AfterProcessingInitializeOnLoad (9ms)
				EditorAssembliesLoaded (0ms)
			ExecutionOrderSort2 (0ms)
			AwakeInstancesAfterBackupRestoration (7ms)
Platform modules already initialized, skipping
========================================================================
Worker process is ready to serve import requests
Launched and connected shader compiler UnityShaderCompiler.exe after 0.23 seconds
Refreshing native plugins compatible for Editor in 0.82 ms, found 2 plugins.
Preloading 0 native plugins for Editor in 0.00 ms.
Unloading 1986 Unused Serialized files (Serialized files now loaded: 0)
System memory in use before: 104.7 MB.
System memory in use after: 104.8 MB.

Unloading 24 unused Assets to reduce memory usage. Loaded Objects now: 2433.
Total: 3.186500 ms (FindLiveObjects: 0.221100 ms CreateObjectMapping: 0.047500 ms MarkObjects: 2.810500 ms  DeleteObjects: 0.106200 ms)

AssetImportParameters requested are different than current active one (requested -> active):
  custom:framework-win-MediaFoundation: 216162199b28c13a410421893ffa2e32 -> 
  custom:video-decoder-ogg-theora: a1e56fd34408186e4bbccfd4996cb3dc -> 
  custom:container-muxer-webm: aa71ff27fc2769a1b78a27578f13a17b -> 
  custom:container-demuxer-webm: 4f35f7cbe854078d1ac9338744f61a02 -> 
  custom:container-demuxer-ogg: 62fdf1f143b41e24485cea50d1cbac27 -> 
  custom:video-encoder-webm-vp8: eb34c28f22e8b96e1ab97ce403110664 -> 
  custom:video-decoder-webm-vp8: 9c59270c3fd7afecdb556c50c9e8de78 -> 
  custom:audio-decoder-ogg-vorbis: bf7c407c2cedff20999df2af8eb42d56 -> 
  custom:audio-encoder-webm-vorbis: bf7c407c2cedff20999df2af8eb42d56 -> 
========================================================================
Received Import Request.
  path: Assets/Scenes/LobbyScene/AdvancedLobby/BasePanel.cs
  artifactKey: Guid(230c29bfde375d34aaefb3701d636f33) Importer(815301076,1909f56bfc062723c751e8b465ee728b)
Start importing Assets/Scenes/LobbyScene/AdvancedLobby/BasePanel.cs using Guid(230c29bfde375d34aaefb3701d636f33) Importer(815301076,1909f56bfc062723c751e8b465ee728b)  -> (artifact id: '14fcaa30a3b02bbf6e3657bd79ff2833') in 0.036198 seconds 
  Import took 0.045387 seconds .

========================================================================
Received Prepare
Registering precompiled user dll's ...
Registered in 0.007717 seconds.
Begin MonoManager ReloadAssembly
Native extension for LinuxStandalone target not found
Native extension for WindowsStandalone target not found
Native extension for OSXStandalone target not found
Native extension for WebGL target not found
Refreshing native plugins compatible for Editor in 0.72 ms, found 2 plugins.
Preloading 0 native plugins for Editor in 0.00 ms.
Mono: successfully reloaded assembly
- Completed reload, in  1.009 seconds
Domain Reload Profiling:
	ReloadAssembly (1010ms)
		BeginReloadAssembly (114ms)
			ExecutionOrderSort (0ms)
			DisableScriptedObjects (5ms)
			BackupInstance (0ms)
			ReleaseScriptingObjects (0ms)
			CreateAndSetChildDomain (32ms)
		EndReloadAssembly (826ms)
			LoadAssemblies (92ms)
			RebuildTransferFunctionScriptingTraits (0ms)
			SetupTypeCache (307ms)
			ReleaseScriptCaches (1ms)
			RebuildScriptCaches (40ms)
			SetupLoadedEditorAssemblies (287ms)
				LogAssemblyErrors (0ms)
				InitializePlatformSupportModulesInManaged (8ms)
				SetLoadedEditorAssemblies (1ms)
				RefreshPlugins (1ms)
				BeforeProcessingInitializeOnLoad (75ms)
				ProcessInitializeOnLoadAttributes (186ms)
				ProcessInitializeOnLoadMethodAttributes (8ms)
				AfterProcessingInitializeOnLoad (9ms)
				EditorAssembliesLoaded (0ms)
			ExecutionOrderSort2 (0ms)
			AwakeInstancesAfterBackupRestoration (7ms)
Platform modules already initialized, skipping
Refreshing native plugins compatible for Editor in 0.75 ms, found 2 plugins.
Preloading 0 native plugins for Editor in 0.00 ms.
Unloading 1954 Unused Serialized files (Serialized files now loaded: 0)
System memory in use before: 102.0 MB.
System memory in use after: 102.1 MB.

Unloading 19 unused Assets to reduce memory usage. Loaded Objects now: 2435.
Total: 2.804000 ms (FindLiveObjects: 0.180600 ms CreateObjectMapping: 0.048800 ms MarkObjects: 2.554700 ms  DeleteObjects: 0.018500 ms)

AssetImportParameters requested are different than current active one (requested -> active):
  custom:framework-win-MediaFoundation: 216162199b28c13a410421893ffa2e32 -> 
  custom:video-decoder-ogg-theora: a1e56fd34408186e4bbccfd4996cb3dc -> 
  custom:container-muxer-webm: aa71ff27fc2769a1b78a27578f13a17b -> 
  custom:container-demuxer-webm: 4f35f7cbe854078d1ac9338744f61a02 -> 
  custom:container-demuxer-ogg: 62fdf1f143b41e24485cea50d1cbac27 -> 
  custom:video-encoder-webm-vp8: eb34c28f22e8b96e1ab97ce403110664 -> 
  custom:video-decoder-webm-vp8: 9c59270c3fd7afecdb556c50c9e8de78 -> 
  custom:audio-decoder-ogg-vorbis: bf7c407c2cedff20999df2af8eb42d56 -> 
  custom:audio-encoder-webm-vorbis: bf7c407c2cedff20999df2af8eb42d56 -> 
========================================================================
Received Prepare
Registering precompiled user dll's ...
Registered in 0.007128 seconds.
Begin MonoManager ReloadAssembly
Native extension for LinuxStandalone target not found
Native extension for WindowsStandalone target not found
Native extension for OSXStandalone target not found
Native extension for WebGL target not found
Refreshing native plugins compatible for Editor in 0.70 ms, found 2 plugins.
Preloading 0 native plugins for Editor in 0.00 ms.
Mono: successfully reloaded assembly
- Completed reload, in  0.997 seconds
Domain Reload Profiling:
	ReloadAssembly (998ms)
		BeginReloadAssembly (121ms)
			ExecutionOrderSort (0ms)
			DisableScriptedObjects (5ms)
			BackupInstance (0ms)
			ReleaseScriptingObjects (0ms)
			CreateAndSetChildDomain (32ms)
		EndReloadAssembly (809ms)
			LoadAssemblies (92ms)
			RebuildTransferFunctionScriptingTraits (0ms)
			SetupTypeCache (294ms)
			ReleaseScriptCaches (1ms)
			RebuildScriptCaches (39ms)
			SetupLoadedEditorAssemblies (287ms)
				LogAssemblyErrors (0ms)
				InitializePlatformSupportModulesInManaged (8ms)
				SetLoadedEditorAssemblies (0ms)
				RefreshPlugins (1ms)
				BeforeProcessingInitializeOnLoad (75ms)
				ProcessInitializeOnLoadAttributes (186ms)
				ProcessInitializeOnLoadMethodAttributes (8ms)
				AfterProcessingInitializeOnLoad (9ms)
				EditorAssembliesLoaded (0ms)
			ExecutionOrderSort2 (0ms)
			AwakeInstancesAfterBackupRestoration (7ms)
Platform modules already initialized, skipping
Refreshing native plugins compatible for Editor in 0.76 ms, found 2 plugins.
Preloading 0 native plugins for Editor in 0.00 ms.
Unloading 1946 Unused Serialized files (Serialized files now loaded: 0)
System memory in use before: 101.9 MB.
System memory in use after: 102.0 MB.

Unloading 27 unused Assets to reduce memory usage. Loaded Objects now: 2429.
Total: 2.817500 ms (FindLiveObjects: 0.179800 ms CreateObjectMapping: 0.048800 ms MarkObjects: 2.568300 ms  DeleteObjects: 0.019500 ms)

AssetImportParameters requested are different than current active one (requested -> active):
  custom:framework-win-MediaFoundation: 216162199b28c13a410421893ffa2e32 -> 
  custom:video-decoder-ogg-theora: a1e56fd34408186e4bbccfd4996cb3dc -> 
  custom:container-muxer-webm: aa71ff27fc2769a1b78a27578f13a17b -> 
  custom:container-demuxer-webm: 4f35f7cbe854078d1ac9338744f61a02 -> 
  custom:container-demuxer-ogg: 62fdf1f143b41e24485cea50d1cbac27 -> 
  custom:video-encoder-webm-vp8: eb34c28f22e8b96e1ab97ce403110664 -> 
  custom:video-decoder-webm-vp8: 9c59270c3fd7afecdb556c50c9e8de78 -> 
  custom:audio-decoder-ogg-vorbis: bf7c407c2cedff20999df2af8eb42d56 -> 
  custom:audio-encoder-webm-vorbis: bf7c407c2cedff20999df2af8eb42d56 -> 
========================================================================
Received Import Request.
  Time since last request: 1699.168201 seconds.
  path: Assets/Resources/InventoryMenu.prefab
  artifactKey: Guid(baeeceeba00bede4ab7a79ccd0681220) Importer(815301076,1909f56bfc062723c751e8b465ee728b)
Start importing Assets/Resources/InventoryMenu.prefab using Guid(baeeceeba00bede4ab7a79ccd0681220) Importer(815301076,1909f56bfc062723c751e8b465ee728b)  -> (artifact id: '81c588073ba2fd654ffba96bd62a79b9') in 0.140965 seconds 
  Import took 0.150499 seconds .

========================================================================
Received Import Request.
  Time since last request: 0.000260 seconds.
  path: Assets/Resources/MainMenu.prefab
  artifactKey: Guid(b983d1022e9f6ff4f893e45e588c1916) Importer(815301076,1909f56bfc062723c751e8b465ee728b)
Start importing Assets/Resources/MainMenu.prefab using Guid(b983d1022e9f6ff4f893e45e588c1916) Importer(815301076,1909f56bfc062723c751e8b465ee728b)  -> (artifact id: '7086700fb7776417c827332708b5ff30') in 0.039224 seconds 
  Import took 0.042801 seconds .

========================================================================
Received Import Request.
  Time since last request: 5.327619 seconds.
  path: Assets/Resources/CipherPanel
  artifactKey: Guid(f72fb3f566884d346aba1e290d44d0d0) Importer(815301076,1909f56bfc062723c751e8b465ee728b)
Start importing Assets/Resources/CipherPanel using Guid(f72fb3f566884d346aba1e290d44d0d0) Importer(815301076,1909f56bfc062723c751e8b465ee728b)  -> (artifact id: 'e0dbd487cb5b0a8e061f99423ecd35e1') in 0.009084 seconds 
  Import took 0.017610 seconds .

========================================================================
Received Import Request.
  Time since last request: 0.054148 seconds.
  path: Assets/Resources/CipherPanel/InputField.prefab
  artifactKey: Guid(c398f1d487b63764d87bc9acab1947b4) Importer(815301076,1909f56bfc062723c751e8b465ee728b)
Start importing Assets/Resources/CipherPanel/InputField.prefab using Guid(c398f1d487b63764d87bc9acab1947b4) Importer(815301076,1909f56bfc062723c751e8b465ee728b)  -> (artifact id: 'caaa24a8d422f5e3baf4fbab2c0ce756') in 0.027820 seconds 
  Import took 0.032161 seconds .

========================================================================
Received Import Request.
  Time since last request: 0.000279 seconds.
  path: Assets/Resources/CipherPanel/RunePanel.prefab
  artifactKey: Guid(5a09452b00366b24fb7bfa3b1f1d602c) Importer(815301076,1909f56bfc062723c751e8b465ee728b)
Start importing Assets/Resources/CipherPanel/RunePanel.prefab using Guid(5a09452b00366b24fb7bfa3b1f1d602c) Importer(815301076,1909f56bfc062723c751e8b465ee728b)  -> (artifact id: '7ee1d3fe298dc84ae3e118842addfcb4') in 0.011154 seconds 
  Import took 0.014395 seconds .

========================================================================
Received Import Request.
  Time since last request: 0.000289 seconds.
  path: Assets/Resources/CipherPanel/InputPanel.prefab
  artifactKey: Guid(567412accf1157e468a2f2b5e3f95423) Importer(815301076,1909f56bfc062723c751e8b465ee728b)
Start importing Assets/Resources/CipherPanel/InputPanel.prefab using Guid(567412accf1157e468a2f2b5e3f95423) Importer(815301076,1909f56bfc062723c751e8b465ee728b)  -> (artifact id: '215c69f9fb88f34aee46cbfedc7be253') in 0.010453 seconds 
  Import took 0.013597 seconds .

========================================================================
Received Import Request.
  Time since last request: 0.000214 seconds.
  path: Assets/Resources/CipherPanel/Rune.prefab
  artifactKey: Guid(17649d37aeba5de45bc73580e3e8fb01) Importer(815301076,1909f56bfc062723c751e8b465ee728b)
Start importing Assets/Resources/CipherPanel/Rune.prefab using Guid(17649d37aeba5de45bc73580e3e8fb01) Importer(815301076,1909f56bfc062723c751e8b465ee728b)  -> (artifact id: '1a10bf59162b529ce540494fd84be83c') in 0.014581 seconds 
  Import took 0.018128 seconds .

========================================================================
Received Import Request.
  Time since last request: 94.942307 seconds.
  path: Assets/Fonts/Kingthings_Calligraphica.ttf
  artifactKey: Guid(a7d7ada4606ff8648bedeb3520757120) Importer(815301076,1909f56bfc062723c751e8b465ee728b)
Start importing Assets/Fonts/Kingthings_Calligraphica.ttf using Guid(a7d7ada4606ff8648bedeb3520757120) Importer(815301076,1909f56bfc062723c751e8b465ee728b)  -> (artifact id: '5e54eba840d809b5956373970244c323') in 0.093365 seconds 
  Import took 0.096829 seconds .

========================================================================
Received Import Request.
  Time since last request: 0.000229 seconds.
  path: Assets/Fonts/times.ttf
  artifactKey: Guid(7003c329922d5544db198b48c0ca76a6) Importer(815301076,1909f56bfc062723c751e8b465ee728b)
Start importing Assets/Fonts/times.ttf using Guid(7003c329922d5544db198b48c0ca76a6) Importer(815301076,1909f56bfc062723c751e8b465ee728b)  -> (artifact id: '8263985872a78de88535568f8637c260') in 0.018223 seconds 
  Import took 0.021660 seconds .

========================================================================
Received Import Request.
  Time since last request: 0.000233 seconds.
  path: Assets/Fonts/timesi.ttf
  artifactKey: Guid(a0e1e992fac5c7d46a917ad231b67634) Importer(815301076,1909f56bfc062723c751e8b465ee728b)
Start importing Assets/Fonts/timesi.ttf using Guid(a0e1e992fac5c7d46a917ad231b67634) Importer(815301076,1909f56bfc062723c751e8b465ee728b)  -> (artifact id: 'ef28c80c39bb9304f91a189c68ea084d') in 0.024320 seconds 
  Import took 0.027418 seconds .

========================================================================
Received Import Request.
  Time since last request: 0.000275 seconds.
  path: Assets/Fonts/Race0-Regular.ttf
  artifactKey: Guid(5d1533032aa16724eb99ef5e5d15425f) Importer(815301076,1909f56bfc062723c751e8b465ee728b)
Start importing Assets/Fonts/Race0-Regular.ttf using Guid(5d1533032aa16724eb99ef5e5d15425f) Importer(815301076,1909f56bfc062723c751e8b465ee728b)  -> (artifact id: '44079da822b82f141b6d96496237bdf0') in 0.018392 seconds 
  Import took 0.021902 seconds .

========================================================================
Received Import Request.
  Time since last request: 0.000223 seconds.
  path: Assets/Fonts/viking_younger_runes_bold.ttf
  artifactKey: Guid(f2a44b6c0b324834ba349687cda9f25e) Importer(815301076,1909f56bfc062723c751e8b465ee728b)
Start importing Assets/Fonts/viking_younger_runes_bold.ttf using Guid(f2a44b6c0b324834ba349687cda9f25e) Importer(815301076,1909f56bfc062723c751e8b465ee728b)  -> (artifact id: '8ddafba9ca0999917d89dc36a330c695') in 0.015920 seconds 
  Import took 0.019369 seconds .

========================================================================
Received Import Request.
  Time since last request: 0.000228 seconds.
  path: Assets/Fonts/Race0small-Regular.ttf
  artifactKey: Guid(fbdb4991468aa704896bca9baec2385d) Importer(815301076,1909f56bfc062723c751e8b465ee728b)
Start importing Assets/Fonts/Race0small-Regular.ttf using Guid(fbdb4991468aa704896bca9baec2385d) Importer(815301076,1909f56bfc062723c751e8b465ee728b)  -> (artifact id: '955ef9e1519ab004008c3b0be6d73531') in 0.020718 seconds 
  Import took 0.024027 seconds .

========================================================================
Received Import Request.
  Time since last request: 0.000316 seconds.
  path: Assets/Fonts/viking_younger_runes_.ttf
  artifactKey: Guid(924f193725ded00469278324abed4329) Importer(815301076,1909f56bfc062723c751e8b465ee728b)
Start importing Assets/Fonts/viking_younger_runes_.ttf using Guid(924f193725ded00469278324abed4329) Importer(815301076,1909f56bfc062723c751e8b465ee728b)  -> (artifact id: 'ab359496d83a78ea85d4075480935b04') in 0.021721 seconds 
  Import took 0.025103 seconds .

========================================================================
Received Import Request.
  Time since last request: 0.000231 seconds.
  path: Assets/Fonts/timesbi.ttf
  artifactKey: Guid(8c08bf6e83c49fd4aa1f3180c14a8cb1) Importer(815301076,1909f56bfc062723c751e8b465ee728b)
Start importing Assets/Fonts/timesbi.ttf using Guid(8c08bf6e83c49fd4aa1f3180c14a8cb1) Importer(815301076,1909f56bfc062723c751e8b465ee728b)  -> (artifact id: '7cc29a508c7f95d9d8e25222aa8423e2') in 0.025138 seconds 
  Import took 0.028728 seconds .

========================================================================
Received Import Request.
  Time since last request: 0.000218 seconds.
  path: Assets/Fonts/Kingthings_Calligraphica_Italic.ttf
  artifactKey: Guid(e523859abbcca1c468c6f7e02bdce0b6) Importer(815301076,1909f56bfc062723c751e8b465ee728b)
Start importing Assets/Fonts/Kingthings_Calligraphica_Italic.ttf using Guid(e523859abbcca1c468c6f7e02bdce0b6) Importer(815301076,1909f56bfc062723c751e8b465ee728b)  -> (artifact id: 'dd76bb80f7439fc60647df6e95f8d9a8') in 0.021964 seconds 
  Import took 0.025253 seconds .

========================================================================
Received Import Request.
  Time since last request: 0.000238 seconds.
  path: Assets/Fonts/Kingthings_Calligraphica_Light.ttf
  artifactKey: Guid(861333f2f79d2bb46926c8e959c47ec2) Importer(815301076,1909f56bfc062723c751e8b465ee728b)
Start importing Assets/Fonts/Kingthings_Calligraphica_Light.ttf using Guid(861333f2f79d2bb46926c8e959c47ec2) Importer(815301076,1909f56bfc062723c751e8b465ee728b)  -> (artifact id: '3954832465b8b5a9b0613c7c86dc1483') in 0.020753 seconds 
  Import took 0.024433 seconds .

========================================================================
Received Import Request.
  Time since last request: 0.000239 seconds.
  path: Assets/Fonts/timesbd.ttf
  artifactKey: Guid(cca14d7afc705894b882b1451e7f5872) Importer(815301076,1909f56bfc062723c751e8b465ee728b)
Start importing Assets/Fonts/timesbd.ttf using Guid(cca14d7afc705894b882b1451e7f5872) Importer(815301076,1909f56bfc062723c751e8b465ee728b)  -> (artifact id: 'f1b4a077b61b2a547e3c0a63cde231d4') in 0.025639 seconds 
  Import took 0.029015 seconds .

========================================================================
Received Import Request.
  Time since last request: 13.073664 seconds.
  path: Assets/ScriptTemplates/50-Mirror__Network Manager-NewNetworkManager.cs.txt
  artifactKey: Guid(ed73cc79a95879d4abd948a36043c798) Importer(815301076,1909f56bfc062723c751e8b465ee728b)
Start importing Assets/ScriptTemplates/50-Mirror__Network Manager-NewNetworkManager.cs.txt using Guid(ed73cc79a95879d4abd948a36043c798) Importer(815301076,1909f56bfc062723c751e8b465ee728b)  -> (artifact id: 'b24c684c9b0d30dd303f767caf0b21ec') in 0.015332 seconds 
  Import took 0.019166 seconds .

========================================================================
Received Import Request.
  Time since last request: 3.388160 seconds.
  path: Assets/ScriptTemplates/51-Mirror__Network Authenticator-NewNetworkAuthenticator.cs.txt
  artifactKey: Guid(12dc04aca2d89f744bef5a65622ba708) Importer(815301076,1909f56bfc062723c751e8b465ee728b)
Start importing Assets/ScriptTemplates/51-Mirror__Network Authenticator-NewNetworkAuthenticator.cs.txt using Guid(12dc04aca2d89f744bef5a65622ba708) Importer(815301076,1909f56bfc062723c751e8b465ee728b)  -> (artifact id: '8be6a51dedfdc3fd84db9c11c67270da') in 0.008052 seconds 
  Import took 0.012329 seconds .

========================================================================
Received Import Request.
  Time since last request: 3.808533 seconds.
  path: Assets/ScriptTemplates/54-Mirror__Network Room Manager-NewNetworkRoomManager.cs.txt
  artifactKey: Guid(2e5656107e61a93439544b91e5f541f6) Importer(815301076,1909f56bfc062723c751e8b465ee728b)
Start importing Assets/ScriptTemplates/54-Mirror__Network Room Manager-NewNetworkRoomManager.cs.txt using Guid(2e5656107e61a93439544b91e5f541f6) Importer(815301076,1909f56bfc062723c751e8b465ee728b)  -> (artifact id: 'ad5e568fe1ac85c4d2a65881202f5e03') in 0.007560 seconds 
  Import took 0.011006 seconds .

========================================================================
Received Import Request.
  Time since last request: 8.160172 seconds.
  path: Assets/ScriptTemplates/52-Mirror__Network Behaviour-NewNetworkBehaviour.cs.txt
  artifactKey: Guid(29b2ae9aeacc49b47b711838dd1876a4) Importer(815301076,1909f56bfc062723c751e8b465ee728b)
Start importing Assets/ScriptTemplates/52-Mirror__Network Behaviour-NewNetworkBehaviour.cs.txt using Guid(29b2ae9aeacc49b47b711838dd1876a4) Importer(815301076,1909f56bfc062723c751e8b465ee728b)  -> (artifact id: '00c9d4547c883b8fc67946e39b400363') in 0.008159 seconds 
  Import took 0.012262 seconds .

========================================================================
Received Prepare
Registering precompiled user dll's ...
Registered in 0.006936 seconds.
Begin MonoManager ReloadAssembly
Native extension for LinuxStandalone target not found
Native extension for WindowsStandalone target not found
Native extension for OSXStandalone target not found
Native extension for WebGL target not found
Refreshing native plugins compatible for Editor in 0.47 ms, found 2 plugins.
Preloading 0 native plugins for Editor in 0.00 ms.
Mono: successfully reloaded assembly
- Completed reload, in  0.976 seconds
Domain Reload Profiling:
	ReloadAssembly (976ms)
		BeginReloadAssembly (120ms)
			ExecutionOrderSort (0ms)
			DisableScriptedObjects (4ms)
			BackupInstance (0ms)
			ReleaseScriptingObjects (0ms)
			CreateAndSetChildDomain (37ms)
		EndReloadAssembly (790ms)
			LoadAssemblies (89ms)
			RebuildTransferFunctionScriptingTraits (0ms)
			SetupTypeCache (278ms)
			ReleaseScriptCaches (1ms)
			RebuildScriptCaches (39ms)
			SetupLoadedEditorAssemblies (286ms)
				LogAssemblyErrors (0ms)
				InitializePlatformSupportModulesInManaged (8ms)
				SetLoadedEditorAssemblies (0ms)
				RefreshPlugins (1ms)
				BeforeProcessingInitializeOnLoad (75ms)
				ProcessInitializeOnLoadAttributes (185ms)
				ProcessInitializeOnLoadMethodAttributes (8ms)
				AfterProcessingInitializeOnLoad (9ms)
				EditorAssembliesLoaded (0ms)
			ExecutionOrderSort2 (0ms)
			AwakeInstancesAfterBackupRestoration (7ms)
Platform modules already initialized, skipping
Refreshing native plugins compatible for Editor in 0.51 ms, found 2 plugins.
Preloading 0 native plugins for Editor in 0.00 ms.
Unloading 1545 Unused Serialized files (Serialized files now loaded: 0)
System memory in use before: 97.3 MB.
System memory in use after: 97.4 MB.

Unloading 292 unused Assets to reduce memory usage. Loaded Objects now: 2206.
Total: 2.842700 ms (FindLiveObjects: 0.174100 ms CreateObjectMapping: 0.045800 ms MarkObjects: 2.541200 ms  DeleteObjects: 0.079900 ms)

AssetImportParameters requested are different than current active one (requested -> active):
  custom:framework-win-MediaFoundation: 216162199b28c13a410421893ffa2e32 -> 
  custom:video-decoder-ogg-theora: a1e56fd34408186e4bbccfd4996cb3dc -> 
  custom:container-muxer-webm: aa71ff27fc2769a1b78a27578f13a17b -> 
  custom:container-demuxer-webm: 4f35f7cbe854078d1ac9338744f61a02 -> 
  custom:container-demuxer-ogg: 62fdf1f143b41e24485cea50d1cbac27 -> 
  custom:video-encoder-webm-vp8: eb34c28f22e8b96e1ab97ce403110664 -> 
  custom:video-decoder-webm-vp8: 9c59270c3fd7afecdb556c50c9e8de78 -> 
  custom:audio-decoder-ogg-vorbis: bf7c407c2cedff20999df2af8eb42d56 -> 
  custom:audio-encoder-webm-vorbis: bf7c407c2cedff20999df2af8eb42d56 -> 
========================================================================
Received Import Request.
  Time since last request: 100.292322 seconds.
  path: Assets/UIImages/Runes
  artifactKey: Guid(20fc7b67ebdcf8e4b98f7780375dd69c) Importer(815301076,1909f56bfc062723c751e8b465ee728b)
Start importing Assets/UIImages/Runes using Guid(20fc7b67ebdcf8e4b98f7780375dd69c) Importer(815301076,1909f56bfc062723c751e8b465ee728b)  -> (artifact id: 'd1f9b0e83ba2fe071f51b1f1c54f4fee') in 0.010285 seconds 
  Import took 0.013768 seconds .

AssetImportWorkerClient::OnTransportError - code=2 error=End of file
