22 Nov 2021 | 04:57:24,554 | INFO  | main | bootLogger |     | SmartFoxServer 2X
22 Nov 2021 | 04:57:24,564 | INFO  | main | bootLogger |     | BitSwarmEngine version: 3.71.0 { main }
22 Nov 2021 | 04:57:24,564 | INFO  | main | bootLogger |     | System Info:
	Processor(s): 16
	VM Max. memory: 3799MB
	os.name: Windows 10
	os.arch: amd64
	os.version: 10.0
	java.version: 1.8.0_232
	java.vendor: AdoptOpenJDK
	java.vendor.url: http://java.oracle.com/
	java.vm.specification.version: 1.8
	java.vm.version: 25.232-b09
	java.vm.vendor: 
	java.vm.name: OpenJDK 64-Bit Server VM
	java.io.tmpdir: C:\Users\bnest\AppData\Local\Temp\
	Default charset: UTF-8

22 Nov 2021 | 04:57:24,694 | INFO  | main | bootLogger |     | Network Info:
	Card: Software Loopback Interface 1
		 ->127.0.0.1
		 ->0:0:0:0:0:0:0:1
	Card: WAN Miniport (IKEv2)
	Card: Microsoft 6to4 Adapter
	Card: Bluetooth Device (Personal Area Network)
		 ->fe80:0:0:0:b88e:96c:2c25:e8d4%eth0
	Card: WAN Miniport (Network Monitor)
	Card: Microsoft IP-HTTPS Platform Adapter
	Card: Intel(R) Wireless-AC 9260
		 ->fe80:0:0:0:e8b3:62f2:442d:da73%wlan0
	Card: WAN Miniport (IP)
	Card: WAN Miniport (IPv6)
	Card: WAN Miniport (L2TP)
	Card: Microsoft Teredo Tunneling Adapter
	Card: WAN Miniport (PPPOE)
	Card: Microsoft Wi-Fi Direct Virtual Adapter #2
		 ->fe80:0:0:0:4d83:a2f9:8d10:890c%wlan1
	Card: WAN Miniport (PPTP)
	Card: WAN Miniport (SSTP)
	Card: Microsoft Kernel Debug Network Adapter
	Card: Realtek PCIe GbE Family Controller
		 ->192.168.1.64
		 ->2600:1700:43f0:f50:0:0:0:49
		 ->2600:1700:43f0:f50:1523:8927:2f2a:cc9e
		 ->2600:1700:43f0:f50:78a7:ac52:7167:d4a3
		 ->2600:1700:43f0:f50:78d9:6a2:edec:4f9c
		 ->2600:1700:43f0:f50:a0c9:f40:ae62:35f7
		 ->2600:1700:43f0:f50:bdad:44d0:f7d8:d1b5
		 ->2600:1700:43f0:f50:d5c3:4419:ff78:85cf
		 ->2600:1700:43f0:f50:f4bf:4214:900:2752
		 ->2600:1700:43f0:f50:f9ca:44ed:2d73:64e8
		 ->fe80:0:0:0:1523:8927:2f2a:cc9e%eth5
	Card: Microsoft Wi-Fi Direct Virtual Adapter
		 ->fe80:0:0:0:fc64:6628:73af:a0c6%wlan2
	Card: Realtek PCIe GbE Family Controller-WFP Native MAC Layer LightWeight Filter-0000
	Card: Realtek PCIe GbE Family Controller-QoS Packet Scheduler-0000
	Card: Realtek PCIe GbE Family Controller-WFP 802.3 MAC Layer LightWeight Filter-0000
	Card: Intel(R) Wireless-AC 9260-WFP Native MAC Layer LightWeight Filter-0000
	Card: Intel(R) Wireless-AC 9260-Virtual WiFi Filter Driver-0000
	Card: Intel(R) Wireless-AC 9260-Native WiFi Filter Driver-0000
	Card: Intel(R) Wireless-AC 9260-QoS Packet Scheduler-0000
	Card: Intel(R) Wireless-AC 9260-WFP 802.3 MAC Layer LightWeight Filter-0000
	Card: Microsoft Wi-Fi Direct Virtual Adapter-WFP Native MAC Layer LightWeight Filter-0000
	Card: Microsoft Wi-Fi Direct Virtual Adapter-Native WiFi Filter Driver-0000
	Card: Microsoft Wi-Fi Direct Virtual Adapter-QoS Packet Scheduler-0000
	Card: Microsoft Wi-Fi Direct Virtual Adapter-WFP 802.3 MAC Layer LightWeight Filter-0000
	Card: WAN Miniport (IP)-WFP Native MAC Layer LightWeight Filter-0000
	Card: WAN Miniport (IP)-QoS Packet Scheduler-0000
	Card: WAN Miniport (IPv6)-WFP Native MAC Layer LightWeight Filter-0000
	Card: WAN Miniport (IPv6)-QoS Packet Scheduler-0000
	Card: WAN Miniport (Network Monitor)-WFP Native MAC Layer LightWeight Filter-0000
	Card: WAN Miniport (Network Monitor)-QoS Packet Scheduler-0000
	Card: Microsoft Wi-Fi Direct Virtual Adapter #2-WFP Native MAC Layer LightWeight Filter-0000
	Card: Microsoft Wi-Fi Direct Virtual Adapter #2-Native WiFi Filter Driver-0000
	Card: Microsoft Wi-Fi Direct Virtual Adapter #2-QoS Packet Scheduler-0000
	Card: Microsoft Wi-Fi Direct Virtual Adapter #2-WFP 802.3 MAC Layer LightWeight Filter-0000

22 Nov 2021 | 04:57:24,694 | INFO  | main | bootLogger |     | Session manager ready: com.smartfoxserver.bitswarm.sessions.DefaultSessionManager@3e6104fc
22 Nov 2021 | 04:57:24,884 | INFO  | main | bootLogger |     | TCP Selector opened
22 Nov 2021 | 04:57:24,884 | INFO  | main | bootLogger |     | UDP Selector opened
22 Nov 2021 | 04:57:24,894 | INFO  | main | bootLogger |     | AcceptSelector opened
22 Nov 2021 | 04:57:24,894 | INFO  | main | bootLogger |     | DatagramChannel cache size: 80
22 Nov 2021 | 04:57:24,894 | INFO  | main | bootLogger |     | Added bound tcp socket --> 0.0.0.0:9933
22 Nov 2021 | 04:57:24,904 | INFO  | main | bootLogger |     | Added bound udp socket --> 127.0.0.1:9933
22 Nov 2021 | 04:57:24,904 | INFO  | main | bootLogger |     | Controller started: com.smartfoxserver.v2.controllers.v290.SystemReqController 
22 Nov 2021 | 04:57:24,904 | INFO  | Scheduler1-thread-1 | bootLogger |     | Scheduler started: scheduler
22 Nov 2021 | 04:57:24,904 | INFO  | main | bootLogger |     | Controller started: com.smartfoxserver.v2.controllers.v290.ExtensionReqController 
22 Nov 2021 | 04:57:24,904 | INFO  | main | bootLogger |     | Controller started: com.smartfoxserver.v2.controllers.v290.SmasherReqController 
22 Nov 2021 | 04:57:24,904 | INFO  | main | bootLogger |     | SocketWriter v3 started (TCP pool size: 3, UDP pool size: 3 
22 Nov 2021 | 04:57:24,904 | INFO  | main | bootLogger |     | Security Manager started
22 Nov 2021 | 04:57:24,904 | INFO  | main | bootLogger |     | DatagramReader started
22 Nov 2021 | 04:57:24,904 | INFO  | main | bootLogger |     | IOHandler: com.smartfoxserver.v2.protocol.SFSIoHandler@4ed5eb72
22 Nov 2021 | 04:57:24,904 | INFO  | main | bootLogger |     | SocketReader started
22 Nov 2021 | 04:57:24,904 | INFO  | main | bootLogger |     | SocketAcceptor initialized
22 Nov 2021 | 04:57:24,904 | INFO  | main | bootLogger |     | [[[ ===--- Boot sequence complete ---=== ]]]
22 Nov 2021 | 04:58:12,413 | INFO  | main | bootLogger |     | SmartFoxServer 2X
22 Nov 2021 | 04:58:12,415 | INFO  | main | bootLogger |     | BitSwarmEngine version: 3.71.0 { main }
22 Nov 2021 | 04:58:12,415 | INFO  | main | bootLogger |     | System Info:
	Processor(s): 16
	VM Max. memory: 3799MB
	os.name: Windows 10
	os.arch: amd64
	os.version: 10.0
	java.version: 1.8.0_232
	java.vendor: AdoptOpenJDK
	java.vendor.url: http://java.oracle.com/
	java.vm.specification.version: 1.8
	java.vm.version: 25.232-b09
	java.vm.vendor: 
	java.vm.name: OpenJDK 64-Bit Server VM
	java.io.tmpdir: C:\Users\bnest\AppData\Local\Temp\
	Default charset: UTF-8

22 Nov 2021 | 04:58:12,552 | INFO  | main | bootLogger |     | Network Info:
	Card: Software Loopback Interface 1
		 ->127.0.0.1
		 ->0:0:0:0:0:0:0:1
	Card: WAN Miniport (IKEv2)
	Card: Microsoft 6to4 Adapter
	Card: Bluetooth Device (Personal Area Network)
		 ->fe80:0:0:0:b88e:96c:2c25:e8d4%eth0
	Card: WAN Miniport (Network Monitor)
	Card: Microsoft IP-HTTPS Platform Adapter
	Card: Intel(R) Wireless-AC 9260
		 ->fe80:0:0:0:e8b3:62f2:442d:da73%wlan0
	Card: WAN Miniport (IP)
	Card: WAN Miniport (IPv6)
	Card: WAN Miniport (L2TP)
	Card: Microsoft Teredo Tunneling Adapter
	Card: WAN Miniport (PPPOE)
	Card: Microsoft Wi-Fi Direct Virtual Adapter #2
		 ->fe80:0:0:0:4d83:a2f9:8d10:890c%wlan1
	Card: WAN Miniport (PPTP)
	Card: WAN Miniport (SSTP)
	Card: Microsoft Kernel Debug Network Adapter
	Card: Realtek PCIe GbE Family Controller
		 ->192.168.1.64
		 ->2600:1700:43f0:f50:0:0:0:49
		 ->2600:1700:43f0:f50:1523:8927:2f2a:cc9e
		 ->2600:1700:43f0:f50:78a7:ac52:7167:d4a3
		 ->2600:1700:43f0:f50:78d9:6a2:edec:4f9c
		 ->2600:1700:43f0:f50:a0c9:f40:ae62:35f7
		 ->2600:1700:43f0:f50:bdad:44d0:f7d8:d1b5
		 ->2600:1700:43f0:f50:d5c3:4419:ff78:85cf
		 ->2600:1700:43f0:f50:f4bf:4214:900:2752
		 ->2600:1700:43f0:f50:f9ca:44ed:2d73:64e8
		 ->fe80:0:0:0:1523:8927:2f2a:cc9e%eth5
	Card: Microsoft Wi-Fi Direct Virtual Adapter
		 ->fe80:0:0:0:fc64:6628:73af:a0c6%wlan2
	Card: Realtek PCIe GbE Family Controller-WFP Native MAC Layer LightWeight Filter-0000
	Card: Realtek PCIe GbE Family Controller-QoS Packet Scheduler-0000
	Card: Realtek PCIe GbE Family Controller-WFP 802.3 MAC Layer LightWeight Filter-0000
	Card: Intel(R) Wireless-AC 9260-WFP Native MAC Layer LightWeight Filter-0000
	Card: Intel(R) Wireless-AC 9260-Virtual WiFi Filter Driver-0000
	Card: Intel(R) Wireless-AC 9260-Native WiFi Filter Driver-0000
	Card: Intel(R) Wireless-AC 9260-QoS Packet Scheduler-0000
	Card: Intel(R) Wireless-AC 9260-WFP 802.3 MAC Layer LightWeight Filter-0000
	Card: Microsoft Wi-Fi Direct Virtual Adapter-WFP Native MAC Layer LightWeight Filter-0000
	Card: Microsoft Wi-Fi Direct Virtual Adapter-Native WiFi Filter Driver-0000
	Card: Microsoft Wi-Fi Direct Virtual Adapter-QoS Packet Scheduler-0000
	Card: Microsoft Wi-Fi Direct Virtual Adapter-WFP 802.3 MAC Layer LightWeight Filter-0000
	Card: WAN Miniport (IP)-WFP Native MAC Layer LightWeight Filter-0000
	Card: WAN Miniport (IP)-QoS Packet Scheduler-0000
	Card: WAN Miniport (IPv6)-WFP Native MAC Layer LightWeight Filter-0000
	Card: WAN Miniport (IPv6)-QoS Packet Scheduler-0000
	Card: WAN Miniport (Network Monitor)-WFP Native MAC Layer LightWeight Filter-0000
	Card: WAN Miniport (Network Monitor)-QoS Packet Scheduler-0000
	Card: Microsoft Wi-Fi Direct Virtual Adapter #2-WFP Native MAC Layer LightWeight Filter-0000
	Card: Microsoft Wi-Fi Direct Virtual Adapter #2-Native WiFi Filter Driver-0000
	Card: Microsoft Wi-Fi Direct Virtual Adapter #2-QoS Packet Scheduler-0000
	Card: Microsoft Wi-Fi Direct Virtual Adapter #2-WFP 802.3 MAC Layer LightWeight Filter-0000

22 Nov 2021 | 04:58:12,555 | INFO  | main | bootLogger |     | Session manager ready: com.smartfoxserver.bitswarm.sessions.DefaultSessionManager@3e6104fc
22 Nov 2021 | 04:58:12,719 | INFO  | main | bootLogger |     | TCP Selector opened
22 Nov 2021 | 04:58:12,725 | INFO  | main | bootLogger |     | UDP Selector opened
22 Nov 2021 | 04:58:12,728 | INFO  | main | bootLogger |     | AcceptSelector opened
22 Nov 2021 | 04:58:12,728 | INFO  | main | bootLogger |     | DatagramChannel cache size: 80
22 Nov 2021 | 04:58:12,732 | INFO  | main | bootLogger |     | Added bound tcp socket --> 0.0.0.0:9933
22 Nov 2021 | 04:58:12,740 | INFO  | main | bootLogger |     | Added bound udp socket --> 127.0.0.1:9933
22 Nov 2021 | 04:58:12,740 | INFO  | main | bootLogger |     | Controller started: com.smartfoxserver.v2.controllers.v290.SystemReqController 
22 Nov 2021 | 04:58:12,740 | INFO  | Scheduler1-thread-1 | bootLogger |     | Scheduler started: scheduler
22 Nov 2021 | 04:58:12,740 | INFO  | main | bootLogger |     | Controller started: com.smartfoxserver.v2.controllers.v290.ExtensionReqController 
22 Nov 2021 | 04:58:12,740 | INFO  | main | bootLogger |     | Controller started: com.smartfoxserver.v2.controllers.v290.SmasherReqController 
22 Nov 2021 | 04:58:12,742 | INFO  | main | bootLogger |     | SocketWriter v3 started (TCP pool size: 3, UDP pool size: 3 
22 Nov 2021 | 04:58:12,742 | INFO  | main | bootLogger |     | Security Manager started
22 Nov 2021 | 04:58:12,744 | INFO  | main | bootLogger |     | DatagramReader started
22 Nov 2021 | 04:58:12,744 | INFO  | main | bootLogger |     | IOHandler: com.smartfoxserver.v2.protocol.SFSIoHandler@4ed5eb72
22 Nov 2021 | 04:58:12,745 | INFO  | main | bootLogger |     | SocketReader started
22 Nov 2021 | 04:58:12,745 | INFO  | main | bootLogger |     | SocketAcceptor initialized
22 Nov 2021 | 04:58:12,745 | INFO  | main | bootLogger |     | [[[ ===--- Boot sequence complete ---=== ]]]
