22 Nov 2021 | 04:57:23,234 | INFO  | main | smartfoxserver.v2.SmartFoxServer |     | Boot sequence starts...
22 Nov 2021 | 04:57:23,774 | INFO  | main | v2.core.SFSEventManager |     | SFSEventManager initialized
22 Nov 2021 | 04:57:23,794 | INFO  | main | vfs.impl.DefaultFileReplicator |     | Using "C:\Users\bnest\AppData\Local\Temp\vfs_cache" as temporary files store.
22 Nov 2021 | 04:57:23,884 | INFO  | main | smartfoxserver.v2.SmartFoxServer |     | License loaded:

==========================================
LICENSE DETAILS
------------------------------------------
Type            : Community Edition
Max users       : 100
==========================================

22 Nov 2021 | 04:57:23,884 | INFO  | main | entities.managers.SFSBannedUserStorage |     | BanUserStorage initialized
22 Nov 2021 | 04:57:23,884 | INFO  | main | entities.managers.SFSBannedUserManager |     | No BannedUser data available, starting with a clean DB.
22 Nov 2021 | 04:57:23,894 | INFO  | main | smartfoxserver.v2.SmartFoxServer |     | Protocol Type is: BINARY
22 Nov 2021 | 04:57:23,904 | INFO  | main | v2.config.DefaultConfigLoader |     | Loading: zones\BasicExamples.zone.xml
22 Nov 2021 | 04:57:23,934 | INFO  | main | v2.config.DefaultConfigLoader |     | Loading: zones\Battlefield.zone.xml
22 Nov 2021 | 04:57:23,944 | INFO  | main | entities.managers.SFSZoneManager |     | 

::::::::::::::::::::::::::::::::::::::::::::::::::::::::::::::::::::::::::::::
 >> Zone: BasicExamples 
::::::::::::::::::::::::::::::::::::::::::::::::::::::::::::::::::::::::::::::

22 Nov 2021 | 04:57:23,984 | INFO  | main | entities.managers.SFSRoomManager |     | Room created: { Zone: BasicExamples }, [ Room: The Lobby, Id: 0, Group: default, isGame: false ], type = SFSRoom
22 Nov 2021 | 04:57:23,984 | INFO  | main | entities.managers.SFSZoneManager |     | 

::::::::::::::::::::::::::::::::::::::::::::::::::::::::::::::::::::::::::::::
 >> Zone: Battlefield 
::::::::::::::::::::::::::::::::::::::::::::::::::::::::::::::::::::::::::::::

22 Nov 2021 | 04:57:24,404 | INFO  | main | entities.managers.SFSRoomManager |     | Room created: { Zone: --=={{{ AdminZone }}}==-- }, [ Room: AdminRoom, Id: 1, Group: default, isGame: false ], type = SFSRoom
22 Nov 2021 | 04:57:24,554 | INFO  | main | v2.core.AdminToolService |     | AdminTool Service started
22 Nov 2021 | 04:57:24,919 | INFO  | SFSWorker:Sys:1 | smartfoxserver.v2.SmartFoxServer |     | Listening Sockets: { 0.0.0.0:9933, (Tcp) } { 127.0.0.1:9933, (Udp) } 
22 Nov 2021 | 04:57:24,926 | INFO  | SFSWorker:Sys:1 | smartfoxserver.v2.SmartFoxServer |     |  
 _____ _____ _____    ___ __ __ 
|   __|   __|   __|  |_  |  |  |
|__   |   __|__   |  |  _|-   -|
|_____|__|  |_____|  |___|__|__|                                         
 _____ _____ _____ ____  __ __ 
| __  |   __|  _  |    \|  |  |
|    -|   __|     |  |  |_   _|
|__|__|_____|__|__|____/  |_|  
[ 2.17.0 ] 

22 Nov 2021 | 04:57:24,926 | INFO  | SFSWorker:Sys:1 | smartfoxserver.v2.SmartFoxServer |     | SmartFoxServer 2X (2.17.0) READY!
22 Nov 2021 | 04:57:28,564 | INFO  | TomcatRunner | tomcat.bluebox.BBSessionFilter |     | BlueBox Service (4.0.2) READY.
22 Nov 2021 | 04:57:42,217 | INFO  | SocketReader | bitswarm.sessions.DefaultSessionManager |     | Session created: { Id: 1, Type: DEFAULT, Logged: No, IP: 127.0.0.1:49232 } on Server port: 9933 <---> 49232
22 Nov 2021 | 04:57:42,257 | INFO  | SFSWorker:Ext:4 | Extensions |     | {BattlefieldExtension}: *********userid = 1 
22 Nov 2021 | 04:57:42,263 | INFO  | SFSWorker:Ext:4 | v2.api.SFSApi |     | User login: { Zone: Battlefield }, ( User Name: testusername, Id: 0, Priv: 0, Sess: 127.0.0.1:49232 ) , Type: Unity / .Net
22 Nov 2021 | 04:57:42,272 | WARN  | SFSWorker:Ext:4 | entities.managers.SFSExtensionManager |     | java.lang.NullPointerException:
::::::::::::::::::::::::::::::::::::::::::::::::::::::::::::::::::::::
Exception: java.lang.NullPointerException
Message: *** Null ***
Description: Error during event handling: java.lang.NullPointerException, Listener: { Ext: BattlefieldExtension, Type: JAVA, Lev: ZONE, { Zone: Battlefield }, {} }
+--- --- ---+
Stack Trace:
+--- --- ---+
com.smartfoxserver.v2.api.SFSApi.createRoom(SFSApi.java:730)
com.smartfoxserver.v2.api.SFSApi.createRoom(SFSApi.java:706)
battlefield.JoinZoneEvent.handleServerEvent(JoinZoneEvent.java:93)
com.smartfoxserver.v2.extensions.SFSExtension.handleServerEvent(SFSExtension.java:259)
com.smartfoxserver.v2.entities.managers.SFSExtensionManager.dispatchEvent(SFSExtensionManager.java:769)
com.smartfoxserver.v2.entities.managers.SFSExtensionManager.dispatchZoneLevelEvent(SFSExtensionManager.java:690)
com.smartfoxserver.v2.entities.managers.SFSExtensionManager.handleServerEvent(SFSExtensionManager.java:891)
com.smartfoxserver.v2.core.SFSEventManager$SFSEventRunner.run(SFSEventManager.java:66)
java.util.concurrent.ThreadPoolExecutor.runWorker(ThreadPoolExecutor.java:1149)
java.util.concurrent.ThreadPoolExecutor$Worker.run(ThreadPoolExecutor.java:624)
java.lang.Thread.run(Thread.java:748)
::::::::::::::::::::::::::::::::::::::::::::::::::::::::::::::::::::::

22 Nov 2021 | 04:57:47,383 | INFO  | SocketReader | bitswarm.sessions.DefaultSessionManager |     | Session removed: { Id: 1, Type: DEFAULT, Logged: Yes, IP: 127.0.0.1:49232 }
22 Nov 2021 | 04:57:47,386 | INFO  | SFSWorker:Sys:3 | v2.api.SFSApi |     | User disconnected: { Zone: Battlefield }, ( User Name: testusername, Id: 0, Priv: 0, Sess: 127.0.0.1:49232 ) , SessionLen: 5124, Type: Unity / .Net
22 Nov 2021 | 04:58:11,591 | INFO  | main | smartfoxserver.v2.SmartFoxServer |     | Boot sequence starts...
22 Nov 2021 | 04:58:11,958 | INFO  | main | v2.core.SFSEventManager |     | SFSEventManager initialized
22 Nov 2021 | 04:58:11,976 | INFO  | main | vfs.impl.DefaultFileReplicator |     | Using "C:\Users\bnest\AppData\Local\Temp\vfs_cache" as temporary files store.
22 Nov 2021 | 04:58:12,034 | INFO  | main | smartfoxserver.v2.SmartFoxServer |     | License loaded:

==========================================
LICENSE DETAILS
------------------------------------------
Type            : Community Edition
Max users       : 100
==========================================

22 Nov 2021 | 04:58:12,035 | INFO  | main | entities.managers.SFSBannedUserStorage |     | BanUserStorage initialized
22 Nov 2021 | 04:58:12,035 | INFO  | main | entities.managers.SFSBannedUserManager |     | No BannedUser data available, starting with a clean DB.
22 Nov 2021 | 04:58:12,040 | INFO  | main | smartfoxserver.v2.SmartFoxServer |     | Protocol Type is: BINARY
22 Nov 2021 | 04:58:12,043 | INFO  | main | v2.config.DefaultConfigLoader |     | Loading: zones\BasicExamples.zone.xml
22 Nov 2021 | 04:58:12,063 | INFO  | main | v2.config.DefaultConfigLoader |     | Loading: zones\Battlefield.zone.xml
22 Nov 2021 | 04:58:12,077 | INFO  | main | entities.managers.SFSZoneManager |     | 

::::::::::::::::::::::::::::::::::::::::::::::::::::::::::::::::::::::::::::::
 >> Zone: BasicExamples 
::::::::::::::::::::::::::::::::::::::::::::::::::::::::::::::::::::::::::::::

22 Nov 2021 | 04:58:12,104 | INFO  | main | entities.managers.SFSRoomManager |     | Room created: { Zone: BasicExamples }, [ Room: The Lobby, Id: 0, Group: default, isGame: false ], type = SFSRoom
22 Nov 2021 | 04:58:12,104 | INFO  | main | entities.managers.SFSZoneManager |     | 

::::::::::::::::::::::::::::::::::::::::::::::::::::::::::::::::::::::::::::::
 >> Zone: Battlefield 
::::::::::::::::::::::::::::::::::::::::::::::::::::::::::::::::::::::::::::::

22 Nov 2021 | 04:58:12,354 | INFO  | main | entities.managers.SFSRoomManager |     | Room created: { Zone: --=={{{ AdminZone }}}==-- }, [ Room: AdminRoom, Id: 1, Group: default, isGame: false ], type = SFSRoom
22 Nov 2021 | 04:58:12,413 | INFO  | main | v2.core.AdminToolService |     | AdminTool Service started
22 Nov 2021 | 04:58:12,750 | INFO  | SFSWorker:Sys:1 | smartfoxserver.v2.SmartFoxServer |     | Listening Sockets: { 0.0.0.0:9933, (Tcp) } { 127.0.0.1:9933, (Udp) } 
22 Nov 2021 | 04:58:12,751 | INFO  | SFSWorker:Sys:1 | smartfoxserver.v2.SmartFoxServer |     |  
 _____ _____ _____    ___ __ __ 
|   __|   __|   __|  |_  |  |  |
|__   |   __|__   |  |  _|-   -|
|_____|__|  |_____|  |___|__|__|                                         
 _____ _____ _____ ____  __ __ 
| __  |   __|  _  |    \|  |  |
|    -|   __|     |  |  |_   _|
|__|__|_____|__|__|____/  |_|  
[ 2.17.0 ] 

22 Nov 2021 | 04:58:12,752 | INFO  | SFSWorker:Sys:1 | smartfoxserver.v2.SmartFoxServer |     | SmartFoxServer 2X (2.17.0) READY!
22 Nov 2021 | 04:58:14,904 | INFO  | TomcatRunner | tomcat.bluebox.BBSessionFilter |     | BlueBox Service (4.0.2) READY.
22 Nov 2021 | 04:58:27,638 | INFO  | SocketReader | bitswarm.sessions.DefaultSessionManager |     | Session created: { Id: 1, Type: DEFAULT, Logged: No, IP: 127.0.0.1:49289 } on Server port: 9933 <---> 49289
22 Nov 2021 | 04:58:27,683 | INFO  | SFSWorker:Ext:4 | Extensions |     | {BattlefieldExtension}: *********userid = 1 
22 Nov 2021 | 04:58:27,689 | INFO  | SFSWorker:Ext:4 | v2.api.SFSApi |     | User login: { Zone: Battlefield }, ( User Name: testusername, Id: 0, Priv: 0, Sess: 127.0.0.1:49289 ) , Type: Unity / .Net
22 Nov 2021 | 04:58:27,702 | INFO  | SFSWorker:Ext:4 | Extensions |     | {BattlefieldExtension}: init room 
22 Nov 2021 | 04:58:27,703 | INFO  | SFSWorker:Ext:4 | Extensions |     | {BattlefieldExtension}: constructor 
22 Nov 2021 | 04:58:27,704 | INFO  | pool-1-thread-3 | Extensions |     | {BattlefieldExtension}: running 
22 Nov 2021 | 04:58:27,704 | INFO  | SFSWorker:Ext:4 | entities.managers.SFSRoomManager |     | Room created: { Zone: Battlefield }, [ Room: testusernameCampaign, Id: 2, Group: default, isGame: false ], type = SFSRoom
22 Nov 2021 | 04:58:27,704 | INFO  | pool-1-thread-3 | Extensions |     | {BattlefieldExtension}: in loop 0 
22 Nov 2021 | 04:58:27,709 | INFO  | SFSWorker:Ext:4 | v2.api.SFSApi |     | Room joined: [ Room: testusernameCampaign, Id: 2, Group: default, isGame: false ], { Zone: Battlefield }, ( User Name: testusername, Id: 0, Priv: 0, Sess: 127.0.0.1:49289 ) , asSpect: false
22 Nov 2021 | 04:58:28,704 | INFO  | pool-1-thread-3 | Extensions |     | {BattlefieldExtension}: running 
22 Nov 2021 | 04:58:28,704 | INFO  | pool-1-thread-3 | Extensions |     | {BattlefieldExtension}: in loop 0 
22 Nov 2021 | 04:58:28,707 | INFO  | pool-1-thread-3 | Extensions |     | {BattlefieldExtension}: should end 0 
22 Nov 2021 | 04:58:39,177 | INFO  | SocketReader | bitswarm.sessions.DefaultSessionManager |     | Session removed: { Id: 1, Type: DEFAULT, Logged: Yes, IP: 127.0.0.1:49289 }
22 Nov 2021 | 04:58:39,184 | INFO  | SFSWorker:Sys:3 | entities.managers.SFSRoomManager |     | Room removed: { Zone: Battlefield }, [ Room: testusernameCampaign, Id: 2, Group: default, isGame: false ], Duration: 11486
22 Nov 2021 | 04:58:39,185 | INFO  | SFSWorker:Sys:3 | v2.api.SFSApi |     | User disconnected: { Zone: Battlefield }, ( User Name: testusername, Id: 0, Priv: 0, Sess: 127.0.0.1:49289 ) , SessionLen: 11497, Type: Unity / .Net
22 Nov 2021 | 04:59:12,762 | INFO  | pool-1-thread-1 | util.stats.CCULoggerTask |     | CCU stats: { Zone: --=={{{ AdminZone }}}==-- }, CCU: 0/0
22 Nov 2021 | 04:59:12,763 | INFO  | pool-1-thread-1 | util.stats.CCULoggerTask |     | CCU stats: { Zone: BasicExamples }, CCU: 0/0
22 Nov 2021 | 04:59:12,765 | INFO  | pool-1-thread-1 | util.stats.CCULoggerTask |     | CCU stats: { Zone: Battlefield }, CCU: 0/0
22 Nov 2021 | 04:59:12,767 | INFO  | pool-1-thread-1 | util.stats.CCULoggerTask |     | CCU stats: CCU: 0/0
22 Nov 2021 | 05:20:23,964 | INFO  | SocketReader | bitswarm.sessions.DefaultSessionManager |     | Session created: { Id: 2, Type: DEFAULT, Logged: No, IP: 127.0.0.1:49388 } on Server port: 9933 <---> 49388
22 Nov 2021 | 05:20:24,002 | INFO  | SFSWorker:Ext:1 | Extensions |     | {BattlefieldExtension}: *********userid = 1 
22 Nov 2021 | 05:20:24,003 | INFO  | SFSWorker:Ext:1 | v2.api.SFSApi |     | User login: { Zone: Battlefield }, ( User Name: testusername, Id: 1, Priv: 0, Sess: 127.0.0.1:49388 ) , Type: Unity / .Net
22 Nov 2021 | 05:20:24,012 | INFO  | SFSWorker:Ext:1 | Extensions |     | {BattlefieldExtension}: init room 
22 Nov 2021 | 05:20:24,012 | INFO  | SFSWorker:Ext:1 | Extensions |     | {BattlefieldExtension}: constructor 
22 Nov 2021 | 05:20:24,013 | INFO  | pool-1-thread-3 | Extensions |     | {BattlefieldExtension}: running 
22 Nov 2021 | 05:20:24,013 | INFO  | SFSWorker:Ext:1 | entities.managers.SFSRoomManager |     | Room created: { Zone: Battlefield }, [ Room: testusernameCampaign, Id: 3, Group: default, isGame: false ], type = SFSRoom
22 Nov 2021 | 05:20:24,019 | INFO  | pool-1-thread-3 | Extensions |     | {BattlefieldExtension}: in loop 0 
22 Nov 2021 | 05:20:24,019 | INFO  | SFSWorker:Ext:1 | v2.api.SFSApi |     | Room joined: [ Room: testusernameCampaign, Id: 3, Group: default, isGame: false ], { Zone: Battlefield }, ( User Name: testusername, Id: 1, Priv: 0, Sess: 127.0.0.1:49388 ) , asSpect: false
22 Nov 2021 | 05:20:25,027 | INFO  | pool-1-thread-4 | Extensions |     | {BattlefieldExtension}: running 
22 Nov 2021 | 05:20:25,027 | INFO  | pool-1-thread-4 | Extensions |     | {BattlefieldExtension}: in loop 0 
22 Nov 2021 | 05:20:25,029 | INFO  | pool-1-thread-4 | Extensions |     | {BattlefieldExtension}: should end 0 
22 Nov 2021 | 05:20:34,063 | INFO  | SocketReader | bitswarm.sessions.DefaultSessionManager |     | Session removed: { Id: 2, Type: DEFAULT, Logged: Yes, IP: 127.0.0.1:49388 }
22 Nov 2021 | 05:20:34,064 | INFO  | SFSWorker:Sys:3 | entities.managers.SFSRoomManager |     | Room removed: { Zone: Battlefield }, [ Room: testusernameCampaign, Id: 3, Group: default, isGame: false ], Duration: 10054
22 Nov 2021 | 05:20:34,066 | INFO  | SFSWorker:Sys:3 | v2.api.SFSApi |     | User disconnected: { Zone: Battlefield }, ( User Name: testusername, Id: 1, Priv: 0, Sess: 127.0.0.1:49388 ) , SessionLen: 10063, Type: Unity / .Net
